This file contains any messages produced by compilers while
running configure, to aid debugging if configure makes a mistake.

It was created by openvswitch configure 1.4.0, which was
generated by GNU Autoconf 2.67.  Invocation command line was

  $ ./configure --with-l26=/lib/modules/2.6.38-13-generic/build

## --------- ##
## Platform. ##
## --------- ##

hostname = rs2m
uname -m = x86_64
uname -r = 2.6.38-13-generic
uname -s = Linux
uname -v = #57-Ubuntu SMP Mon Mar 5 18:29:54 UTC 2012

/usr/bin/uname -p = unknown
/bin/uname -X     = unknown

/bin/arch              = unknown
/usr/bin/arch -k       = unknown
/usr/convex/getsysinfo = unknown
/usr/bin/hostinfo      = unknown
/bin/machine           = unknown
/usr/bin/oslevel       = unknown
/bin/universe          = unknown

PATH: /usr/local/sbin
PATH: /usr/local/bin
PATH: /usr/sbin
PATH: /usr/bin
PATH: /sbin
PATH: /bin
PATH: /usr/games


## ----------- ##
## Core tests. ##
## ----------- ##

configure:2267: checking build number
configure:2283: result: none
configure:2347: checking for a BSD-compatible install
configure:2415: result: /usr/bin/install -c
configure:2426: checking whether build environment is sane
configure:2476: result: yes
configure:2617: checking for a thread-safe mkdir -p
configure:2656: result: /bin/mkdir -p
configure:2669: checking for gawk
configure:2685: found /usr/bin/gawk
configure:2696: result: gawk
configure:2707: checking whether make sets $(MAKE)
configure:2729: result: yes
configure:2858: checking for gcc
configure:2874: found /usr/bin/gcc
configure:2885: result: gcc
configure:3114: checking for C compiler version
configure:3123: gcc --version >&5
gcc (Ubuntu/Linaro 4.5.2-8ubuntu4) 4.5.2
Copyright (C) 2010 Free Software Foundation, Inc.
This is free software; see the source for copying conditions.  There is NO
warranty; not even for MERCHANTABILITY or FITNESS FOR A PARTICULAR PURPOSE.

configure:3134: $? = 0
configure:3123: gcc -v >&5
Using built-in specs.
COLLECT_GCC=gcc
COLLECT_LTO_WRAPPER=/usr/lib/x86_64-linux-gnu/gcc/x86_64-linux-gnu/4.5.2/lto-wrapper
Target: x86_64-linux-gnu
Configured with: ../src/configure -v --with-pkgversion='Ubuntu/Linaro 4.5.2-8ubuntu4' --with-bugurl=file:///usr/share/doc/gcc-4.5/README.Bugs --enable-languages=c,c++,fortran,objc,obj-c++ --prefix=/usr --program-suffix=-4.5 --enable-shared --enable-multiarch --with-multiarch-defaults=x86_64-linux-gnu --enable-linker-build-id --with-system-zlib --libexecdir=/usr/lib/x86_64-linux-gnu --without-included-gettext --enable-threads=posix --with-gxx-include-dir=/usr/include/c++/4.5 --libdir=/usr/lib/x86_64-linux-gnu --enable-nls --with-sysroot=/ --enable-clocale=gnu --enable-libstdcxx-debug --enable-libstdcxx-time=yes --enable-plugin --enable-gold --enable-ld=default --with-plugin-ld=ld.gold --enable-objc-gc --disable-werror --with-arch-32=i686 --with-tune=generic --enable-checking=release --build=x86_64-linux-gnu --host=x86_64-linux-gnu --target=x86_64-linux-gnu
Thread model: posix
gcc version 4.5.2 (Ubuntu/Linaro 4.5.2-8ubuntu4) 
configure:3134: $? = 0
configure:3123: gcc -V >&5
gcc: '-V' option must have argument
configure:3134: $? = 1
configure:3123: gcc -qversion >&5
gcc: unrecognized option '-qversion'
gcc: no input files
configure:3134: $? = 1
configure:3154: checking whether the C compiler works
configure:3176: gcc    conftest.c  >&5
configure:3180: $? = 0
configure:3228: result: yes
configure:3231: checking for C compiler default output file name
configure:3233: result: a.out
configure:3239: checking for suffix of executables
configure:3246: gcc -o conftest    conftest.c  >&5
configure:3250: $? = 0
configure:3272: result: 
configure:3294: checking whether we are cross compiling
configure:3302: gcc -o conftest    conftest.c  >&5
configure:3306: $? = 0
configure:3313: ./conftest
configure:3317: $? = 0
configure:3332: result: no
configure:3337: checking for suffix of object files
configure:3359: gcc -c   conftest.c >&5
configure:3363: $? = 0
configure:3384: result: o
configure:3388: checking whether we are using the GNU C compiler
configure:3407: gcc -c   conftest.c >&5
configure:3407: $? = 0
configure:3416: result: yes
configure:3425: checking whether gcc accepts -g
configure:3445: gcc -c -g  conftest.c >&5
configure:3445: $? = 0
configure:3486: result: yes
configure:3503: checking for gcc option to accept ISO C89
configure:3567: gcc  -c -g -O2  conftest.c >&5
configure:3567: $? = 0
configure:3580: result: none needed
configure:3611: checking for style of include used by make
configure:3639: result: GNU
configure:3664: checking dependency style of gcc
configure:3774: result: gcc3
configure:3790: checking whether gcc and cc understand -c and -o together
configure:3821: gcc -c conftest.c -o conftest2.o >&5
configure:3825: $? = 0
configure:3831: gcc -c conftest.c -o conftest2.o >&5
configure:3835: $? = 0
configure:3846: cc -c conftest.c >&5
configure:3850: $? = 0
configure:3858: cc -c conftest.c -o conftest2.o >&5
configure:3862: $? = 0
configure:3868: cc -c conftest.c -o conftest2.o >&5
configure:3872: $? = 0
configure:3890: result: yes
configure:3920: checking how to run the C preprocessor
configure:3951: gcc -E  conftest.c
configure:3951: $? = 0
configure:3965: gcc -E  conftest.c
conftest.c:12:28: fatal error: ac_nonexistent.h: No such file or directory
compilation terminated.
configure:3965: $? = 1
configure: failed program was:
| /* confdefs.h */
| #define PACKAGE_NAME "openvswitch"
| #define PACKAGE_TARNAME "openvswitch"
| #define PACKAGE_VERSION "1.4.0"
| #define PACKAGE_STRING "openvswitch 1.4.0"
| #define PACKAGE_BUGREPORT "ovs-bugs@openvswitch.org"
| #define PACKAGE_URL ""
| #define BUILDNR ""
| #define PACKAGE "openvswitch"
| #define VERSION "1.4.0"
| /* end confdefs.h.  */
| #include <ac_nonexistent.h>
configure:3990: result: gcc -E
configure:4010: gcc -E  conftest.c
configure:4010: $? = 0
configure:4024: gcc -E  conftest.c
conftest.c:12:28: fatal error: ac_nonexistent.h: No such file or directory
compilation terminated.
configure:4024: $? = 1
configure: failed program was:
| /* confdefs.h */
| #define PACKAGE_NAME "openvswitch"
| #define PACKAGE_TARNAME "openvswitch"
| #define PACKAGE_VERSION "1.4.0"
| #define PACKAGE_STRING "openvswitch 1.4.0"
| #define PACKAGE_BUGREPORT "ovs-bugs@openvswitch.org"
| #define PACKAGE_URL ""
| #define BUILDNR ""
| #define PACKAGE "openvswitch"
| #define VERSION "1.4.0"
| /* end confdefs.h.  */
| #include <ac_nonexistent.h>
configure:4095: checking for ranlib
configure:4111: found /usr/bin/ranlib
configure:4122: result: ranlib
configure:4145: checking for grep that handles long lines and -e
configure:4203: result: /bin/grep
configure:4208: checking for fgrep
configure:4270: result: /bin/grep -F
configure:4279: checking for perl
configure:4297: found /usr/bin/perl
configure:4310: result: /usr/bin/perl
configure:4324: checking for egrep
configure:4386: result: /bin/grep -E
configure:4391: checking for ANSI C header files
configure:4411: gcc -c -g -O2  conftest.c >&5
configure:4411: $? = 0
configure:4484: gcc -o conftest -g -O2   conftest.c  >&5
configure:4484: $? = 0
configure:4484: ./conftest
configure:4484: $? = 0
configure:4495: result: yes
configure:4508: checking for sys/types.h
configure:4508: gcc -c -g -O2  conftest.c >&5
configure:4508: $? = 0
configure:4508: result: yes
configure:4508: checking for sys/stat.h
configure:4508: gcc -c -g -O2  conftest.c >&5
configure:4508: $? = 0
configure:4508: result: yes
configure:4508: checking for stdlib.h
configure:4508: gcc -c -g -O2  conftest.c >&5
configure:4508: $? = 0
configure:4508: result: yes
configure:4508: checking for string.h
configure:4508: gcc -c -g -O2  conftest.c >&5
configure:4508: $? = 0
configure:4508: result: yes
configure:4508: checking for memory.h
configure:4508: gcc -c -g -O2  conftest.c >&5
configure:4508: $? = 0
configure:4508: result: yes
configure:4508: checking for strings.h
configure:4508: gcc -c -g -O2  conftest.c >&5
configure:4508: $? = 0
configure:4508: result: yes
configure:4508: checking for inttypes.h
configure:4508: gcc -c -g -O2  conftest.c >&5
configure:4508: $? = 0
configure:4508: result: yes
configure:4508: checking for stdint.h
configure:4508: gcc -c -g -O2  conftest.c >&5
configure:4508: $? = 0
configure:4508: result: yes
configure:4508: checking for unistd.h
configure:4508: gcc -c -g -O2  conftest.c >&5
configure:4508: $? = 0
configure:4508: result: yes
configure:4521: checking minix/config.h usability
configure:4521: gcc -c -g -O2  conftest.c >&5
conftest.c:55:26: fatal error: minix/config.h: No such file or directory
compilation terminated.
configure:4521: $? = 1
configure: failed program was:
| /* confdefs.h */
| #define PACKAGE_NAME "openvswitch"
| #define PACKAGE_TARNAME "openvswitch"
| #define PACKAGE_VERSION "1.4.0"
| #define PACKAGE_STRING "openvswitch 1.4.0"
| #define PACKAGE_BUGREPORT "ovs-bugs@openvswitch.org"
| #define PACKAGE_URL ""
| #define BUILDNR ""
| #define PACKAGE "openvswitch"
| #define VERSION "1.4.0"
| #define STDC_HEADERS 1
| #define HAVE_SYS_TYPES_H 1
| #define HAVE_SYS_STAT_H 1
| #define HAVE_STDLIB_H 1
| #define HAVE_STRING_H 1
| #define HAVE_MEMORY_H 1
| #define HAVE_STRINGS_H 1
| #define HAVE_INTTYPES_H 1
| #define HAVE_STDINT_H 1
| #define HAVE_UNISTD_H 1
| /* end confdefs.h.  */
| #include <stdio.h>
| #ifdef HAVE_SYS_TYPES_H
| # include <sys/types.h>
| #endif
| #ifdef HAVE_SYS_STAT_H
| # include <sys/stat.h>
| #endif
| #ifdef STDC_HEADERS
| # include <stdlib.h>
| # include <stddef.h>
| #else
| # ifdef HAVE_STDLIB_H
| #  include <stdlib.h>
| # endif
| #endif
| #ifdef HAVE_STRING_H
| # if !defined STDC_HEADERS && defined HAVE_MEMORY_H
| #  include <memory.h>
| # endif
| # include <string.h>
| #endif
| #ifdef HAVE_STRINGS_H
| # include <strings.h>
| #endif
| #ifdef HAVE_INTTYPES_H
| # include <inttypes.h>
| #endif
| #ifdef HAVE_STDINT_H
| # include <stdint.h>
| #endif
| #ifdef HAVE_UNISTD_H
| # include <unistd.h>
| #endif
| #include <minix/config.h>
configure:4521: result: no
configure:4521: checking minix/config.h presence
configure:4521: gcc -E  conftest.c
conftest.c:22:26: fatal error: minix/config.h: No such file or directory
compilation terminated.
configure:4521: $? = 1
configure: failed program was:
| /* confdefs.h */
| #define PACKAGE_NAME "openvswitch"
| #define PACKAGE_TARNAME "openvswitch"
| #define PACKAGE_VERSION "1.4.0"
| #define PACKAGE_STRING "openvswitch 1.4.0"
| #define PACKAGE_BUGREPORT "ovs-bugs@openvswitch.org"
| #define PACKAGE_URL ""
| #define BUILDNR ""
| #define PACKAGE "openvswitch"
| #define VERSION "1.4.0"
| #define STDC_HEADERS 1
| #define HAVE_SYS_TYPES_H 1
| #define HAVE_SYS_STAT_H 1
| #define HAVE_STDLIB_H 1
| #define HAVE_STRING_H 1
| #define HAVE_MEMORY_H 1
| #define HAVE_STRINGS_H 1
| #define HAVE_INTTYPES_H 1
| #define HAVE_STDINT_H 1
| #define HAVE_UNISTD_H 1
| /* end confdefs.h.  */
| #include <minix/config.h>
configure:4521: result: no
configure:4521: checking for minix/config.h
configure:4521: result: no
configure:4542: checking whether it is safe to define __EXTENSIONS__
configure:4560: gcc -c -g -O2  conftest.c >&5
configure:4560: $? = 0
configure:4567: result: yes
configure:4581: checking whether byte ordering is bigendian
configure:4596: gcc -c -g -O2  conftest.c >&5
conftest.c:28:13: error: expected '=', ',', ';', 'asm' or '__attribute__' before 'a'
configure:4596: $? = 1
configure: failed program was:
| /* confdefs.h */
| #define PACKAGE_NAME "openvswitch"
| #define PACKAGE_TARNAME "openvswitch"
| #define PACKAGE_VERSION "1.4.0"
| #define PACKAGE_STRING "openvswitch 1.4.0"
| #define PACKAGE_BUGREPORT "ovs-bugs@openvswitch.org"
| #define PACKAGE_URL ""
| #define BUILDNR ""
| #define PACKAGE "openvswitch"
| #define VERSION "1.4.0"
| #define STDC_HEADERS 1
| #define HAVE_SYS_TYPES_H 1
| #define HAVE_SYS_STAT_H 1
| #define HAVE_STDLIB_H 1
| #define HAVE_STRING_H 1
| #define HAVE_MEMORY_H 1
| #define HAVE_STRINGS_H 1
| #define HAVE_INTTYPES_H 1
| #define HAVE_STDINT_H 1
| #define HAVE_UNISTD_H 1
| #define __EXTENSIONS__ 1
| #define _ALL_SOURCE 1
| #define _GNU_SOURCE 1
| #define _POSIX_PTHREAD_SEMANTICS 1
| #define _TANDEM_SOURCE 1
| /* end confdefs.h.  */
| #ifndef __APPLE_CC__
| 	       not a universal capable compiler
| 	     #endif
| 	     typedef int dummy;
| 
configure:4641: gcc -c -g -O2  conftest.c >&5
configure:4641: $? = 0
configure:4659: gcc -c -g -O2  conftest.c >&5
conftest.c: In function 'main':
conftest.c:34:4: error: 'not' undeclared (first use in this function)
conftest.c:34:4: note: each undeclared identifier is reported only once for each function it appears in
conftest.c:34:8: error: expected ';' before 'big'
configure:4659: $? = 1
configure: failed program was:
| /* confdefs.h */
| #define PACKAGE_NAME "openvswitch"
| #define PACKAGE_TARNAME "openvswitch"
| #define PACKAGE_VERSION "1.4.0"
| #define PACKAGE_STRING "openvswitch 1.4.0"
| #define PACKAGE_BUGREPORT "ovs-bugs@openvswitch.org"
| #define PACKAGE_URL ""
| #define BUILDNR ""
| #define PACKAGE "openvswitch"
| #define VERSION "1.4.0"
| #define STDC_HEADERS 1
| #define HAVE_SYS_TYPES_H 1
| #define HAVE_SYS_STAT_H 1
| #define HAVE_STDLIB_H 1
| #define HAVE_STRING_H 1
| #define HAVE_MEMORY_H 1
| #define HAVE_STRINGS_H 1
| #define HAVE_INTTYPES_H 1
| #define HAVE_STDINT_H 1
| #define HAVE_UNISTD_H 1
| #define __EXTENSIONS__ 1
| #define _ALL_SOURCE 1
| #define _GNU_SOURCE 1
| #define _POSIX_PTHREAD_SEMANTICS 1
| #define _TANDEM_SOURCE 1
| /* end confdefs.h.  */
| #include <sys/types.h>
| 		#include <sys/param.h>
| 
| int
| main ()
| {
| #if BYTE_ORDER != BIG_ENDIAN
| 		 not big endian
| 		#endif
| 
|   ;
|   return 0;
| }
configure:4787: result: no
configure:4812: checking for special C compiler options needed for large files
configure:4857: result: no
configure:4863: checking for _FILE_OFFSET_BITS value needed for large files
configure:4888: gcc -c -g -O2  conftest.c >&5
configure:4888: $? = 0
configure:4920: result: no
configure:5004: checking for library containing pow
configure:5035: gcc -o conftest -g -O2   conftest.c  >&5
conftest.c:34:6: warning: conflicting types for built-in function 'pow'
/tmp/ccuSkJ5k.o: In function `main':
/home/rs2m/OpenStack_Essex/Tools/openvswitch-1.4.0/conftest.c:38: undefined reference to `pow'
collect2: ld returned 1 exit status
configure:5035: $? = 1
configure: failed program was:
| /* confdefs.h */
| #define PACKAGE_NAME "openvswitch"
| #define PACKAGE_TARNAME "openvswitch"
| #define PACKAGE_VERSION "1.4.0"
| #define PACKAGE_STRING "openvswitch 1.4.0"
| #define PACKAGE_BUGREPORT "ovs-bugs@openvswitch.org"
| #define PACKAGE_URL ""
| #define BUILDNR ""
| #define PACKAGE "openvswitch"
| #define VERSION "1.4.0"
| #define STDC_HEADERS 1
| #define HAVE_SYS_TYPES_H 1
| #define HAVE_SYS_STAT_H 1
| #define HAVE_STDLIB_H 1
| #define HAVE_STRING_H 1
| #define HAVE_MEMORY_H 1
| #define HAVE_STRINGS_H 1
| #define HAVE_INTTYPES_H 1
| #define HAVE_STDINT_H 1
| #define HAVE_UNISTD_H 1
| #define __EXTENSIONS__ 1
| #define _ALL_SOURCE 1
| #define _GNU_SOURCE 1
| #define _POSIX_PTHREAD_SEMANTICS 1
| #define _TANDEM_SOURCE 1
| /* end confdefs.h.  */
| 
| /* Override any GCC internal prototype to avoid an error.
|    Use char because int might match the return type of a GCC
|    builtin and then its argument prototype would still apply.  */
| #ifdef __cplusplus
| extern "C"
| #endif
| char pow ();
| int
| main ()
| {
| return pow ();
|   ;
|   return 0;
| }
configure:5035: gcc -o conftest -g -O2   conftest.c -lm   >&5
conftest.c:34:6: warning: conflicting types for built-in function 'pow'
configure:5035: $? = 0
configure:5052: result: -lm
configure:5060: checking for library containing clock_gettime
configure:5091: gcc -o conftest -g -O2   conftest.c -lm  >&5
/tmp/ccFfpiqr.o: In function `main':
/home/rs2m/OpenStack_Essex/Tools/openvswitch-1.4.0/conftest.c:38: undefined reference to `clock_gettime'
collect2: ld returned 1 exit status
configure:5091: $? = 1
configure: failed program was:
| /* confdefs.h */
| #define PACKAGE_NAME "openvswitch"
| #define PACKAGE_TARNAME "openvswitch"
| #define PACKAGE_VERSION "1.4.0"
| #define PACKAGE_STRING "openvswitch 1.4.0"
| #define PACKAGE_BUGREPORT "ovs-bugs@openvswitch.org"
| #define PACKAGE_URL ""
| #define BUILDNR ""
| #define PACKAGE "openvswitch"
| #define VERSION "1.4.0"
| #define STDC_HEADERS 1
| #define HAVE_SYS_TYPES_H 1
| #define HAVE_SYS_STAT_H 1
| #define HAVE_STDLIB_H 1
| #define HAVE_STRING_H 1
| #define HAVE_MEMORY_H 1
| #define HAVE_STRINGS_H 1
| #define HAVE_INTTYPES_H 1
| #define HAVE_STDINT_H 1
| #define HAVE_UNISTD_H 1
| #define __EXTENSIONS__ 1
| #define _ALL_SOURCE 1
| #define _GNU_SOURCE 1
| #define _POSIX_PTHREAD_SEMANTICS 1
| #define _TANDEM_SOURCE 1
| /* end confdefs.h.  */
| 
| /* Override any GCC internal prototype to avoid an error.
|    Use char because int might match the return type of a GCC
|    builtin and then its argument prototype would still apply.  */
| #ifdef __cplusplus
| extern "C"
| #endif
| char clock_gettime ();
| int
| main ()
| {
| return clock_gettime ();
|   ;
|   return 0;
| }
configure:5091: gcc -o conftest -g -O2   conftest.c -lrt  -lm  >&5
configure:5091: $? = 0
configure:5108: result: -lrt
configure:5116: checking for library containing timer_create
configure:5147: gcc -o conftest -g -O2   conftest.c -lrt -lm  >&5
configure:5147: $? = 0
configure:5164: result: none required
configure:5208: checking for linux/netlink.h
configure:5208: gcc -c -g -O2  conftest.c >&5
configure:5208: $? = 0
configure:5208: result: yes
configure:5285: checking for pkg-config
configure:5303: found /usr/bin/pkg-config
configure:5315: result: /usr/bin/pkg-config
configure:5340: checking pkg-config is at least version 0.9.0
configure:5343: result: yes
configure:5367: checking for SSL
configure:5374: $PKG_CONFIG --exists --print-errors "openssl"
configure:5377: $? = 0
configure:5390: $PKG_CONFIG --exists --print-errors "openssl"
configure:5393: $? = 0
configure:5462: result: yes
configure:5492: checking for Python 2.x for x >= 4
configure:5518: result: /usr/bin/python
configure:5538: checking for pyuic4
configure:5549: result: no
configure:5558: checking for PySide.QtCore Python module
running /usr/bin/python -c 'import PySide.QtCore
import sys
sys.exit(0)'...
Traceback (most recent call last):
  File "<string>", line 1, in <module>
ImportError: No module named PySide.QtCore
configure:5575: result: no
configure:5578: checking for PyQt4.QtCore Python module
running /usr/bin/python -c 'import PyQt4.QtCore
import sys
sys.exit(0)'...
Traceback (most recent call last):
  File "<string>", line 1, in <module>
ImportError: No module named PyQt4.QtCore
configure:5595: result: no
configure:5598: checking for twisted.conch.ssh Python module
running /usr/bin/python -c 'import twisted.conch.ssh
import sys
sys.exit(0)'...
Traceback (most recent call last):
  File "<string>", line 1, in <module>
ImportError: No module named conch.ssh
configure:5615: result: no
configure:5618: checking for twisted.internet Python module
running /usr/bin/python -c 'import twisted.internet
import sys
sys.exit(0)'...
configure:5635: result: yes
configure:5638: checking for twisted.application Python module
running /usr/bin/python -c 'import twisted.application
import sys
sys.exit(0)'...
configure:5655: result: yes
configure:5658: checking for json Python module
running /usr/bin/python -c 'import json
import sys
sys.exit(0)'...
configure:5675: result: yes
configure:5678: checking for zope.interface Python module
running /usr/bin/python -c 'import zope.interface
import sys
sys.exit(0)'...
configure:5695: result: yes
configure:5708: checking whether to build ovsdbmonitor
configure:5710: result: no
configure:5720: checking for dot
configure:5731: result: no
configure:5741: checking net/if_packet.h usability
configure:5741: gcc -c -g -O2  conftest.c >&5
configure:5741: $? = 0
configure:5741: result: yes
configure:5741: checking net/if_packet.h presence
configure:5741: gcc -E  conftest.c
configure:5741: $? = 0
configure:5741: result: yes
configure:5741: checking for net/if_packet.h
configure:5741: result: yes
configure:5762: checking whether strtok_r macro segfaults on some inputs
configure:5791: gcc -o conftest -g -O2   conftest.c -lrt -lm  >&5
conftest.c: In function 'main':
conftest.c:41:36: warning: ignoring return value of 'freopen', declared with attribute warn_unused_result
configure:5791: $? = 0
configure:5791: ./conftest
configure:5791: $? = 0
configure:5801: result: no
configure:5809: checking for struct stat.st_mtim.tv_nsec
configure:5809: gcc -c -g -O2  conftest.c >&5
configure:5809: $? = 0
configure:5809: result: yes
configure:5819: checking for struct stat.st_mtimensec
configure:5819: gcc -c -g -O2  conftest.c >&5
conftest.c: In function 'main':
conftest.c:37:12: error: 'struct stat' has no member named 'st_mtimensec'
configure:5819: $? = 1
configure: failed program was:
| /* confdefs.h */
| #define PACKAGE_NAME "openvswitch"
| #define PACKAGE_TARNAME "openvswitch"
| #define PACKAGE_VERSION "1.4.0"
| #define PACKAGE_STRING "openvswitch 1.4.0"
| #define PACKAGE_BUGREPORT "ovs-bugs@openvswitch.org"
| #define PACKAGE_URL ""
| #define BUILDNR ""
| #define PACKAGE "openvswitch"
| #define VERSION "1.4.0"
| #define STDC_HEADERS 1
| #define HAVE_SYS_TYPES_H 1
| #define HAVE_SYS_STAT_H 1
| #define HAVE_STDLIB_H 1
| #define HAVE_STRING_H 1
| #define HAVE_MEMORY_H 1
| #define HAVE_STRINGS_H 1
| #define HAVE_INTTYPES_H 1
| #define HAVE_STDINT_H 1
| #define HAVE_UNISTD_H 1
| #define __EXTENSIONS__ 1
| #define _ALL_SOURCE 1
| #define _GNU_SOURCE 1
| #define _POSIX_PTHREAD_SEMANTICS 1
| #define _TANDEM_SOURCE 1
| #define HAVE_NETLINK 1
| #define HAVE_OPENSSL 1
| #define HAVE_IF_PACKET 1
| #define HAVE_STRUCT_STAT_ST_MTIM_TV_NSEC 1
| /* end confdefs.h.  */
| #include <sys/stat.h>
| 
| int
| main ()
| {
| static struct stat ac_aggr;
| if (ac_aggr.st_mtimensec)
| return 0;
|   ;
|   return 0;
| }
configure:5819: gcc -c -g -O2  conftest.c >&5
conftest.c: In function 'main':
conftest.c:37:19: error: 'struct stat' has no member named 'st_mtimensec'
configure:5819: $? = 1
configure: failed program was:
| /* confdefs.h */
| #define PACKAGE_NAME "openvswitch"
| #define PACKAGE_TARNAME "openvswitch"
| #define PACKAGE_VERSION "1.4.0"
| #define PACKAGE_STRING "openvswitch 1.4.0"
| #define PACKAGE_BUGREPORT "ovs-bugs@openvswitch.org"
| #define PACKAGE_URL ""
| #define BUILDNR ""
| #define PACKAGE "openvswitch"
| #define VERSION "1.4.0"
| #define STDC_HEADERS 1
| #define HAVE_SYS_TYPES_H 1
| #define HAVE_SYS_STAT_H 1
| #define HAVE_STDLIB_H 1
| #define HAVE_STRING_H 1
| #define HAVE_MEMORY_H 1
| #define HAVE_STRINGS_H 1
| #define HAVE_INTTYPES_H 1
| #define HAVE_STDINT_H 1
| #define HAVE_UNISTD_H 1
| #define __EXTENSIONS__ 1
| #define _ALL_SOURCE 1
| #define _GNU_SOURCE 1
| #define _POSIX_PTHREAD_SEMANTICS 1
| #define _TANDEM_SOURCE 1
| #define HAVE_NETLINK 1
| #define HAVE_OPENSSL 1
| #define HAVE_IF_PACKET 1
| #define HAVE_STRUCT_STAT_ST_MTIM_TV_NSEC 1
| /* end confdefs.h.  */
| #include <sys/stat.h>
| 
| int
| main ()
| {
| static struct stat ac_aggr;
| if (sizeof ac_aggr.st_mtimensec)
| return 0;
|   ;
|   return 0;
| }
configure:5819: result: no
configure:5833: checking for mlockall
configure:5833: gcc -o conftest -g -O2   conftest.c -lrt -lm  >&5
configure:5833: $? = 0
configure:5833: result: yes
configure:5833: checking for strnlen
configure:5833: gcc -o conftest -g -O2   conftest.c -lrt -lm  >&5
configure:5833: $? = 0
configure:5833: result: yes
configure:5833: checking for strsignal
configure:5833: gcc -o conftest -g -O2   conftest.c -lrt -lm  >&5
configure:5833: $? = 0
configure:5833: result: yes
configure:5833: checking for getloadavg
configure:5833: gcc -o conftest -g -O2   conftest.c -lrt -lm  >&5
configure:5833: $? = 0
configure:5833: result: yes
configure:5833: checking for statvfs
configure:5833: gcc -o conftest -g -O2   conftest.c -lrt -lm  >&5
configure:5833: $? = 0
configure:5833: result: yes
configure:5833: checking for setmntent
configure:5833: gcc -o conftest -g -O2   conftest.c -lrt -lm  >&5
configure:5833: $? = 0
configure:5833: result: yes
configure:5845: checking mntent.h usability
configure:5845: gcc -c -g -O2  conftest.c >&5
configure:5845: $? = 0
configure:5845: result: yes
configure:5845: checking mntent.h presence
configure:5845: gcc -E  conftest.c
configure:5845: $? = 0
configure:5845: result: yes
configure:5845: checking for mntent.h
configure:5845: result: yes
configure:5845: checking sys/statvfs.h usability
configure:5845: gcc -c -g -O2  conftest.c >&5
configure:5845: $? = 0
configure:5845: result: yes
configure:5845: checking sys/statvfs.h presence
configure:5845: gcc -E  conftest.c
configure:5845: $? = 0
configure:5845: result: yes
configure:5845: checking for sys/statvfs.h
configure:5845: result: yes
configure:5845: checking linux/types.h usability
configure:5845: gcc -c -g -O2  conftest.c >&5
configure:5845: $? = 0
configure:5845: result: yes
configure:5845: checking linux/types.h presence
configure:5845: gcc -E  conftest.c
configure:5845: $? = 0
configure:5845: result: yes
configure:5845: checking for linux/types.h
configure:5845: result: yes
configure:5874: checking execinfo.h usability
configure:5874: gcc -c -g -O2  conftest.c >&5
configure:5874: $? = 0
configure:5874: result: yes
configure:5874: checking execinfo.h presence
configure:5874: gcc -E  conftest.c
configure:5874: $? = 0
configure:5874: result: yes
configure:5874: checking for execinfo.h
configure:5874: result: yes
configure:5878: checking for backtrace
configure:5878: gcc -o conftest -g -O2   conftest.c -lrt -lm  >&5
configure:5878: $? = 0
configure:5878: result: yes
configure:5890: checking whether libc supports hooks for malloc and related functions
configure:5909: gcc -c -g -O2  conftest.c >&5
configure:5909: $? = 0
configure:5916: result: yes
configure:5925: checking valgrind/valgrind.h usability
configure:5925: gcc -c -g -O2  conftest.c >&5
conftest.c:75:31: fatal error: valgrind/valgrind.h: No such file or directory
compilation terminated.
configure:5925: $? = 1
configure: failed program was:
| /* confdefs.h */
| #define PACKAGE_NAME "openvswitch"
| #define PACKAGE_TARNAME "openvswitch"
| #define PACKAGE_VERSION "1.4.0"
| #define PACKAGE_STRING "openvswitch 1.4.0"
| #define PACKAGE_BUGREPORT "ovs-bugs@openvswitch.org"
| #define PACKAGE_URL ""
| #define BUILDNR ""
| #define PACKAGE "openvswitch"
| #define VERSION "1.4.0"
| #define STDC_HEADERS 1
| #define HAVE_SYS_TYPES_H 1
| #define HAVE_SYS_STAT_H 1
| #define HAVE_STDLIB_H 1
| #define HAVE_STRING_H 1
| #define HAVE_MEMORY_H 1
| #define HAVE_STRINGS_H 1
| #define HAVE_INTTYPES_H 1
| #define HAVE_STDINT_H 1
| #define HAVE_UNISTD_H 1
| #define __EXTENSIONS__ 1
| #define _ALL_SOURCE 1
| #define _GNU_SOURCE 1
| #define _POSIX_PTHREAD_SEMANTICS 1
| #define _TANDEM_SOURCE 1
| #define HAVE_NETLINK 1
| #define HAVE_OPENSSL 1
| #define HAVE_IF_PACKET 1
| #define HAVE_STRUCT_STAT_ST_MTIM_TV_NSEC 1
| #define HAVE_MLOCKALL 1
| #define HAVE_STRNLEN 1
| #define HAVE_STRSIGNAL 1
| #define HAVE_GETLOADAVG 1
| #define HAVE_STATVFS 1
| #define HAVE_SETMNTENT 1
| #define HAVE_MNTENT_H 1
| #define HAVE_SYS_STATVFS_H 1
| #define HAVE_LINUX_TYPES_H 1
| #define HAVE_BACKTRACE 1
| #define HAVE_MALLOC_HOOKS 1
| /* end confdefs.h.  */
| #include <stdio.h>
| #ifdef HAVE_SYS_TYPES_H
| # include <sys/types.h>
| #endif
| #ifdef HAVE_SYS_STAT_H
| # include <sys/stat.h>
| #endif
| #ifdef STDC_HEADERS
| # include <stdlib.h>
| # include <stddef.h>
| #else
| # ifdef HAVE_STDLIB_H
| #  include <stdlib.h>
| # endif
| #endif
| #ifdef HAVE_STRING_H
| # if !defined STDC_HEADERS && defined HAVE_MEMORY_H
| #  include <memory.h>
| # endif
| # include <string.h>
| #endif
| #ifdef HAVE_STRINGS_H
| # include <strings.h>
| #endif
| #ifdef HAVE_INTTYPES_H
| # include <inttypes.h>
| #endif
| #ifdef HAVE_STDINT_H
| # include <stdint.h>
| #endif
| #ifdef HAVE_UNISTD_H
| # include <unistd.h>
| #endif
| #include <valgrind/valgrind.h>
configure:5925: result: no
configure:5925: checking valgrind/valgrind.h presence
configure:5925: gcc -E  conftest.c
conftest.c:42:31: fatal error: valgrind/valgrind.h: No such file or directory
compilation terminated.
configure:5925: $? = 1
configure: failed program was:
| /* confdefs.h */
| #define PACKAGE_NAME "openvswitch"
| #define PACKAGE_TARNAME "openvswitch"
| #define PACKAGE_VERSION "1.4.0"
| #define PACKAGE_STRING "openvswitch 1.4.0"
| #define PACKAGE_BUGREPORT "ovs-bugs@openvswitch.org"
| #define PACKAGE_URL ""
| #define BUILDNR ""
| #define PACKAGE "openvswitch"
| #define VERSION "1.4.0"
| #define STDC_HEADERS 1
| #define HAVE_SYS_TYPES_H 1
| #define HAVE_SYS_STAT_H 1
| #define HAVE_STDLIB_H 1
| #define HAVE_STRING_H 1
| #define HAVE_MEMORY_H 1
| #define HAVE_STRINGS_H 1
| #define HAVE_INTTYPES_H 1
| #define HAVE_STDINT_H 1
| #define HAVE_UNISTD_H 1
| #define __EXTENSIONS__ 1
| #define _ALL_SOURCE 1
| #define _GNU_SOURCE 1
| #define _POSIX_PTHREAD_SEMANTICS 1
| #define _TANDEM_SOURCE 1
| #define HAVE_NETLINK 1
| #define HAVE_OPENSSL 1
| #define HAVE_IF_PACKET 1
| #define HAVE_STRUCT_STAT_ST_MTIM_TV_NSEC 1
| #define HAVE_MLOCKALL 1
| #define HAVE_STRNLEN 1
| #define HAVE_STRSIGNAL 1
| #define HAVE_GETLOADAVG 1
| #define HAVE_STATVFS 1
| #define HAVE_SETMNTENT 1
| #define HAVE_MNTENT_H 1
| #define HAVE_SYS_STATVFS_H 1
| #define HAVE_LINUX_TYPES_H 1
| #define HAVE_BACKTRACE 1
| #define HAVE_MALLOC_HOOKS 1
| /* end confdefs.h.  */
| #include <valgrind/valgrind.h>
configure:5925: result: no
configure:5925: checking for valgrind/valgrind.h
configure:5925: result: no
configure:5935: checking for connect in -lsocket
configure:5960: gcc -o conftest -g -O2   conftest.c -lsocket  -lrt -lm  >&5
/usr/bin/ld: cannot find -lsocket
collect2: ld returned 1 exit status
configure:5960: $? = 1
configure: failed program was:
| /* confdefs.h */
| #define PACKAGE_NAME "openvswitch"
| #define PACKAGE_TARNAME "openvswitch"
| #define PACKAGE_VERSION "1.4.0"
| #define PACKAGE_STRING "openvswitch 1.4.0"
| #define PACKAGE_BUGREPORT "ovs-bugs@openvswitch.org"
| #define PACKAGE_URL ""
| #define BUILDNR ""
| #define PACKAGE "openvswitch"
| #define VERSION "1.4.0"
| #define STDC_HEADERS 1
| #define HAVE_SYS_TYPES_H 1
| #define HAVE_SYS_STAT_H 1
| #define HAVE_STDLIB_H 1
| #define HAVE_STRING_H 1
| #define HAVE_MEMORY_H 1
| #define HAVE_STRINGS_H 1
| #define HAVE_INTTYPES_H 1
| #define HAVE_STDINT_H 1
| #define HAVE_UNISTD_H 1
| #define __EXTENSIONS__ 1
| #define _ALL_SOURCE 1
| #define _GNU_SOURCE 1
| #define _POSIX_PTHREAD_SEMANTICS 1
| #define _TANDEM_SOURCE 1
| #define HAVE_NETLINK 1
| #define HAVE_OPENSSL 1
| #define HAVE_IF_PACKET 1
| #define HAVE_STRUCT_STAT_ST_MTIM_TV_NSEC 1
| #define HAVE_MLOCKALL 1
| #define HAVE_STRNLEN 1
| #define HAVE_STRSIGNAL 1
| #define HAVE_GETLOADAVG 1
| #define HAVE_STATVFS 1
| #define HAVE_SETMNTENT 1
| #define HAVE_MNTENT_H 1
| #define HAVE_SYS_STATVFS_H 1
| #define HAVE_LINUX_TYPES_H 1
| #define HAVE_BACKTRACE 1
| #define HAVE_MALLOC_HOOKS 1
| /* end confdefs.h.  */
| 
| /* Override any GCC internal prototype to avoid an error.
|    Use char because int might match the return type of a GCC
|    builtin and then its argument prototype would still apply.  */
| #ifdef __cplusplus
| extern "C"
| #endif
| char connect ();
| int
| main ()
| {
| return connect ();
|   ;
|   return 0;
| }
configure:5969: result: no
configure:5980: checking for library containing gethostbyname
configure:6011: gcc -o conftest -g -O2   conftest.c -lrt -lm  >&5
configure:6011: $? = 0
configure:6028: result: none required
configure:6036: checking for user-defined linker section support
configure:6073: gcc -o conftest -g -O2   conftest1.c conftest2.c -lrt -lm  >&5
configure:6082: $? = 0
configure:6104: result: yes
configure:6119: checking XenServer release
configure:6131: result: none
configure:6143: checking for groff
configure:6154: result: yes
configure:6166: checking whether gcc accepts -Wall
configure:6184: gcc -c -g -O2 -Wall  conftest.c >&5
configure:6184: $? = 0
configure:6192: result: yes
configure:6202: checking whether gcc accepts -Wno-sign-compare
configure:6220: gcc -c -g -O2 -Wno-sign-compare  conftest.c >&5
configure:6220: $? = 0
configure:6228: result: yes
configure:6238: checking whether gcc accepts -Wpointer-arith
configure:6256: gcc -c -g -O2 -Wpointer-arith  conftest.c >&5
configure:6256: $? = 0
configure:6264: result: yes
configure:6274: checking whether gcc accepts -Wdeclaration-after-statement
configure:6292: gcc -c -g -O2 -Wdeclaration-after-statement  conftest.c >&5
configure:6292: $? = 0
configure:6300: result: yes
configure:6310: checking whether gcc accepts -Wformat-security
configure:6328: gcc -c -g -O2 -Wformat-security  conftest.c >&5
configure:6328: $? = 0
configure:6336: result: yes
configure:6346: checking whether gcc accepts -Wswitch-enum
configure:6364: gcc -c -g -O2 -Wswitch-enum  conftest.c >&5
configure:6364: $? = 0
configure:6372: result: yes
configure:6382: checking whether gcc accepts -Wunused-parameter
configure:6400: gcc -c -g -O2 -Wunused-parameter  conftest.c >&5
configure:6400: $? = 0
configure:6408: result: yes
configure:6418: checking whether gcc accepts -Wstrict-aliasing
configure:6436: gcc -c -g -O2 -Wstrict-aliasing  conftest.c >&5
configure:6436: $? = 0
configure:6444: result: yes
configure:6454: checking whether gcc accepts -Wbad-function-cast
configure:6472: gcc -c -g -O2 -Wbad-function-cast  conftest.c >&5
configure:6472: $? = 0
configure:6480: result: yes
configure:6490: checking whether gcc accepts -Wcast-align
configure:6508: gcc -c -g -O2 -Wcast-align  conftest.c >&5
configure:6508: $? = 0
configure:6516: result: yes
configure:6526: checking whether gcc accepts -Wstrict-prototypes
configure:6544: gcc -c -g -O2 -Wstrict-prototypes  conftest.c >&5
conftest.c:45:1: warning: function declaration isn't a prototype
configure:6544: $? = 0
configure:6552: result: yes
configure:6562: checking whether gcc accepts -Wold-style-definition
configure:6580: gcc -c -g -O2 -Wold-style-definition  conftest.c >&5
conftest.c: In function 'main':
conftest.c:45:1: warning: old-style function definition
configure:6580: $? = 0
configure:6588: result: yes
configure:6598: checking whether gcc accepts -Wmissing-prototypes
configure:6616: gcc -c -g -O2 -Wmissing-prototypes  conftest.c >&5
configure:6616: $? = 0
configure:6624: result: yes
configure:6634: checking whether gcc accepts -Wmissing-field-initializers
configure:6652: gcc -c -g -O2 -Wmissing-field-initializers  conftest.c >&5
configure:6652: $? = 0
configure:6660: result: yes
configure:6670: checking whether gcc accepts -Wno-override-init
configure:6688: gcc -c -g -O2 -Wno-override-init  conftest.c >&5
configure:6688: $? = 0
configure:6696: result: yes
configure:6706: checking whether gcc accepts -Wno-unused
configure:6724: gcc -c -g -O2 -Wno-unused  conftest.c >&5
configure:6724: $? = 0
configure:6732: result: yes
configure:6749: checking whether gcc accepts -Wno-unused-parameter
configure:6767: gcc -c -g -O2 -Wno-unused-parameter  conftest.c >&5
configure:6767: $? = 0
configure:6775: result: yes
configure:6799: checking target hint for cgcc
configure:6813: result: x86_64
configure:6826: checking whether make has GNU make $(if) extension
configure:6837: invoking make -f conftest.mk all:
echo y > conftest.out
configure:6839: conftest.out contains:
y
configure:6849: result: yes
configure:6889: WARNING: --with-l26 is deprecated, please use --with-linux instead
configure:6918: checking for Linux build directory
configure:6921: result: /lib/modules/2.6.38-13-generic/build
configure:6933: checking for Linux source directory
configure:6960: result: /lib/modules/2.6.38-13-generic/build
configure:6963: checking for kernel version
configure:6975: result: 2.6.38
configure:7000: checking whether src_err, matches in /lib/modules/2.6.38-13-generic/build/arch/x86/include/asm/checksum_32.h
configure:7014: result: no
configure:7030: checking whether ERR_CAST matches in /lib/modules/2.6.38-13-generic/build/include/linux/err.h
configure:7037: result: yes
configure:7060: checking whether ipv4_is_multicast matches in /lib/modules/2.6.38-13-generic/build/include/linux/in.h
configure:7067: result: yes
configure:7090: checking whether dev_disable_lro matches in /lib/modules/2.6.38-13-generic/build/include/linux/netdevice.h
configure:7097: result: yes
configure:7119: checking whether dev_get_stats matches in /lib/modules/2.6.38-13-generic/build/include/linux/netdevice.h
configure:7126: result: yes
configure:7148: checking whether dev_get_by_index_rcu matches in /lib/modules/2.6.38-13-generic/build/include/linux/netdevice.h
configure:7155: result: yes
configure:7178: checking whether rcu_read_lock_held matches in /lib/modules/2.6.38-13-generic/build/include/linux/rcupdate.h
configure:7185: result: yes
configure:7269: checking whether [^@]proto_data_valid matches in /lib/modules/2.6.38-13-generic/build/include/linux/skbuff.h
configure:7283: result: no
configure:7298: checking whether raw matches in /lib/modules/2.6.38-13-generic/build/include/linux/skbuff.h
configure:7312: result: no
configure:7327: checking whether skb_dst( matches in /lib/modules/2.6.38-13-generic/build/include/linux/skbuff.h
configure:7334: result: yes
configure:7356: checking whether skb_copy_from_linear_data_offset matches in /lib/modules/2.6.38-13-generic/build/include/linux/skbuff.h
configure:7363: result: yes
configure:7385: checking whether skb_cow_head matches in /lib/modules/2.6.38-13-generic/build/include/linux/skbuff.h
configure:7392: result: yes
configure:7414: checking whether skb_transport_header matches in /lib/modules/2.6.38-13-generic/build/include/linux/skbuff.h
configure:7421: result: yes
configure:7443: checking whether icmp6_hdr matches in /lib/modules/2.6.38-13-generic/build/include/linux/icmpv6.h
configure:7450: result: yes
configure:7472: checking whether skb_warn_if_lro matches in /lib/modules/2.6.38-13-generic/build/include/linux/skbuff.h
configure:7479: result: yes
configure:7501: checking whether consume_skb matches in /lib/modules/2.6.38-13-generic/build/include/linux/skbuff.h
configure:7508: result: yes
configure:7531: checking whether kmemdup matches in /lib/modules/2.6.38-13-generic/build/include/linux/string.h
configure:7538: result: yes
configure:7617: checking whether bool matches in /lib/modules/2.6.38-13-generic/build/include/linux/types.h
configure:7624: result: yes
configure:7646: checking whether __wsum matches in /lib/modules/2.6.38-13-generic/build/include/linux/types.h
configure:7653: result: yes
configure:7676: checking whether csum_replace4 matches in /lib/modules/2.6.38-13-generic/build/include/net/checksum.h
configure:7683: result: yes
configure:7705: checking whether csum_unfold matches in /lib/modules/2.6.38-13-generic/build/include/net/checksum.h
configure:7712: result: yes
configure:7735: checking whether NLA_NUL_STRING matches in /lib/modules/2.6.38-13-generic/build/include/net/netlink.h
configure:7742: result: yes
configure:7764: checking whether nla_get_be16 matches in /lib/modules/2.6.38-13-generic/build/include/net/netlink.h
configure:7771: result: yes
configure:7793: checking whether nla_find_nested matches in /lib/modules/2.6.38-13-generic/build/include/net/netlink.h
configure:7800: result: yes
configure:7823: checking whether ADD_ALL_VLANS_CMD matches in /lib/modules/2.6.38-13-generic/build/include/linux/if_vlan.h
configure:7837: result: no
configure:7853: checking for /lib/modules/2.6.38-13-generic/build/include/linux/log2.h
configure:7856: result: yes
configure:8070: creating ./config.status

## ---------------------- ##
## Running config.status. ##
## ---------------------- ##

This file was extended by openvswitch config.status 1.4.0, which was
generated by GNU Autoconf 2.67.  Invocation command line was

  CONFIG_FILES    = 
  CONFIG_HEADERS  = 
  CONFIG_LINKS    = 
  CONFIG_COMMANDS = 
  $ ./config.status 

on rs2m

config.status:935: creating Makefile
config.status:935: creating datapath/Makefile
config.status:935: creating datapath/linux/Kbuild
config.status:935: creating datapath/linux/Makefile
config.status:935: creating datapath/linux/Makefile.main
config.status:935: creating tests/atlocal
config.status:935: creating config.h
config.status:1115: config.h is unchanged
config.status:1163: executing tests/atconfig commands
config.status:1163: executing depfiles commands
config.status:1163: executing include/openflow/openflow.h.stamp commands
config.status:1163: executing ovsdb/ovsdbmonitor/dummy commands
config.status:1163: executing utilities/bugtool/dummy commands

## ---------------- ##
## Cache variables. ##
## ---------------- ##

ac_cv_c_bigendian=no
ac_cv_c_compiler_gnu=yes
ac_cv_env_CC_set=
ac_cv_env_CC_value=
ac_cv_env_CFLAGS_set=
ac_cv_env_CFLAGS_value=
ac_cv_env_CPPFLAGS_set=
ac_cv_env_CPPFLAGS_value=
ac_cv_env_CPP_set=
ac_cv_env_CPP_value=
ac_cv_env_KARCH_set=
ac_cv_env_KARCH_value=
ac_cv_env_LDFLAGS_set=
ac_cv_env_LDFLAGS_value=
ac_cv_env_LIBS_set=
ac_cv_env_LIBS_value=
ac_cv_env_PERL_set=
ac_cv_env_PERL_value=
ac_cv_env_PKG_CONFIG_LIBDIR_set=
ac_cv_env_PKG_CONFIG_LIBDIR_value=
ac_cv_env_PKG_CONFIG_PATH_set=
ac_cv_env_PKG_CONFIG_PATH_value=
ac_cv_env_PKG_CONFIG_set=
ac_cv_env_PKG_CONFIG_value=
ac_cv_env_SSL_CFLAGS_set=
ac_cv_env_SSL_CFLAGS_value=
ac_cv_env_SSL_LIBS_set=
ac_cv_env_SSL_LIBS_value=
ac_cv_env_build_alias_set=
ac_cv_env_build_alias_value=
ac_cv_env_host_alias_set=
ac_cv_env_host_alias_value=
ac_cv_env_target_alias_set=
ac_cv_env_target_alias_value=
ac_cv_func_backtrace=yes
ac_cv_func_getloadavg=yes
ac_cv_func_mlockall=yes
ac_cv_func_setmntent=yes
ac_cv_func_statvfs=yes
ac_cv_func_strnlen=yes
ac_cv_func_strsignal=yes
ac_cv_header_execinfo_h=yes
ac_cv_header_inttypes_h=yes
ac_cv_header_linux_netlink_h=yes
ac_cv_header_linux_types_h=yes
ac_cv_header_memory_h=yes
ac_cv_header_minix_config_h=no
ac_cv_header_mntent_h=yes
ac_cv_header_net_if_packet_h=yes
ac_cv_header_stdc=yes
ac_cv_header_stdint_h=yes
ac_cv_header_stdlib_h=yes
ac_cv_header_string_h=yes
ac_cv_header_strings_h=yes
ac_cv_header_sys_stat_h=yes
ac_cv_header_sys_statvfs_h=yes
ac_cv_header_sys_types_h=yes
ac_cv_header_unistd_h=yes
ac_cv_header_valgrind_valgrind_h=no
ac_cv_lib_socket_connect=no
ac_cv_member_struct_stat_st_mtim_tv_nsec=yes
ac_cv_member_struct_stat_st_mtimensec=no
ac_cv_objext=o
ac_cv_path_EGREP='/bin/grep -E'
ac_cv_path_FGREP='/bin/grep -F'
ac_cv_path_GREP=/bin/grep
ac_cv_path_PERL=/usr/bin/perl
ac_cv_path_ac_pt_PKG_CONFIG=/usr/bin/pkg-config
ac_cv_path_install='/usr/bin/install -c'
ac_cv_path_mkdir=/bin/mkdir
ac_cv_prog_AWK=gawk
ac_cv_prog_CPP='gcc -E'
ac_cv_prog_ac_ct_CC=gcc
ac_cv_prog_ac_ct_RANLIB=ranlib
ac_cv_prog_cc_c89=
ac_cv_prog_cc_g=yes
ac_cv_prog_cc_gcc_c_o=yes
ac_cv_prog_make_make_set=yes
ac_cv_safe_to_define___extensions__=yes
ac_cv_search_clock_gettime=-lrt
ac_cv_search_gethostbyname='none required'
ac_cv_search_pow=-lm
ac_cv_search_timer_create='none required'
ac_cv_sparse_target=x86_64
ac_cv_sys_file_offset_bits=no
ac_cv_sys_largefile_CC=no
am_cv_CC_dependencies_compiler_type=gcc3
ovs_cv__Wall=yes
ovs_cv__Wbad_function_cast=yes
ovs_cv__Wcast_align=yes
ovs_cv__Wdeclaration_after_statement=yes
ovs_cv__Wformat_security=yes
ovs_cv__Wmissing_field_initializers=yes
ovs_cv__Wmissing_prototypes=yes
ovs_cv__Wno_override_init=yes
ovs_cv__Wno_sign_compare=yes
ovs_cv__Wno_unused=yes
ovs_cv__Wno_unused_parameter=yes
ovs_cv__Wold_style_definition=yes
ovs_cv__Wpointer_arith=yes
ovs_cv__Wstrict_aliasing=yes
ovs_cv__Wstrict_prototypes=yes
ovs_cv__Wswitch_enum=yes
ovs_cv__Wunused_parameter=yes
ovs_cv_dot=no
ovs_cv_gnu_make_if=yes
ovs_cv_groff=yes
ovs_cv_malloc_hooks=yes
ovs_cv_py_PyQt4_QtCore=no
ovs_cv_py_PySide_QtCore=no
ovs_cv_py_json=yes
ovs_cv_py_twisted_application=yes
ovs_cv_py_twisted_conch_ssh=no
ovs_cv_py_twisted_internet=yes
ovs_cv_py_zope_interface=yes
ovs_cv_python=/usr/bin/python
ovs_cv_pyuic4=no
ovs_cv_strtok_r_bug=no
ovs_cv_use_linker_sections=yes
ovs_cv_xsversion=none
pkg_cv_SSL_CFLAGS=' '
pkg_cv_SSL_LIBS='-lssl -lcrypto  '

## ----------------- ##
## Output variables. ##
## ----------------- ##

ACLOCAL='${SHELL} /home/rs2m/OpenStack_Essex/Tools/openvswitch-1.4.0/build-aux/missing --run aclocal-1.11'
AMDEPBACKSLASH='\'
AMDEP_FALSE='#'
AMDEP_TRUE=''
AMTAR='${SHELL} /home/rs2m/OpenStack_Essex/Tools/openvswitch-1.4.0/build-aux/missing --run tar'
AUTOCONF='${SHELL} /home/rs2m/OpenStack_Essex/Tools/openvswitch-1.4.0/build-aux/missing --run autoconf'
AUTOHEADER='${SHELL} /home/rs2m/OpenStack_Essex/Tools/openvswitch-1.4.0/build-aux/missing --run autoheader'
AUTOMAKE='${SHELL} /home/rs2m/OpenStack_Essex/Tools/openvswitch-1.4.0/build-aux/missing --run automake-1.11'
AWK='gawk'
BUILDNR='0'
BUILD_OVSDBMONITOR_FALSE=''
BUILD_OVSDBMONITOR_TRUE='#'
CC='$(if $(C),REAL_CC="gcc" CHECK="$(SPARSE) -I $(top_srcdir)/include/sparse $(SPARSEFLAGS)" cgcc $(CGCCFLAGS),gcc)'
CCDEPMODE='depmode=gcc3'
CFLAGS='-g -O2'
CGCCFLAGS='-target=x86_64'
CPP='gcc -E'
CPPFLAGS=''
CYGPATH_W='echo'
DEFS='-DHAVE_CONFIG_H'
DEPDIR='.deps'
ECHO_C=''
ECHO_N='-n'
ECHO_T=''
EGREP='/bin/grep -E'
EXEEXT=''
FGREP='/bin/grep -F'
GREP='/bin/grep'
HAVE_DOT_FALSE=''
HAVE_DOT_TRUE='#'
HAVE_GROFF_FALSE='#'
HAVE_GROFF_TRUE=''
HAVE_IF_PACKET_FALSE='#'
HAVE_IF_PACKET_TRUE=''
HAVE_NETLINK_FALSE='#'
HAVE_NETLINK_TRUE=''
HAVE_OPENSSL='yes'
HAVE_OPENSSL_FALSE='#'
HAVE_OPENSSL_TRUE=''
HAVE_PYTHON='yes'
HAVE_PYTHON_FALSE='#'
HAVE_PYTHON_TRUE=''
HAVE_WNO_UNUSED_FALSE='#'
HAVE_WNO_UNUSED_PARAMETER_FALSE='#'
HAVE_WNO_UNUSED_PARAMETER_TRUE=''
HAVE_WNO_UNUSED_TRUE=''
INSTALL_DATA='${INSTALL} -m 644'
INSTALL_PROGRAM='${INSTALL}'
INSTALL_SCRIPT='${INSTALL}'
INSTALL_STRIP_PROGRAM='$(install_sh) -c -s'
KARCH=''
KBUILD='/lib/modules/2.6.38-13-generic/build'
LDFLAGS=''
LIBOBJS=''
LIBS='-lrt -lm '
LINUX_ENABLED_FALSE='#'
LINUX_ENABLED_TRUE=''
LOGDIR='${localstatedir}/log/${PACKAGE}'
LTLIBOBJS=''
MAKEINFO='${SHELL} /home/rs2m/OpenStack_Essex/Tools/openvswitch-1.4.0/build-aux/missing --run makeinfo'
MKDIR_P='/bin/mkdir -p'
NDEBUG_FALSE=''
NDEBUG_TRUE='#'
OBJEXT='o'
PACKAGE='openvswitch'
PACKAGE_BUGREPORT='ovs-bugs@openvswitch.org'
PACKAGE_NAME='openvswitch'
PACKAGE_STRING='openvswitch 1.4.0'
PACKAGE_TARNAME='openvswitch'
PACKAGE_URL=''
PACKAGE_VERSION='1.4.0'
PATH_SEPARATOR=':'
PERL='/usr/bin/perl'
PKG_CONFIG='/usr/bin/pkg-config'
PKG_CONFIG_LIBDIR=''
PKG_CONFIG_PATH=''
PKIDIR='${pkgdatadir}/pki'
PYTHON='/usr/bin/python'
PYUIC4='${SHELL} /home/rs2m/OpenStack_Essex/Tools/openvswitch-1.4.0/build-aux/missing --run pyuic4'
RANLIB='ranlib'
RUNDIR='${localstatedir}/run/openvswitch'
SET_MAKE=''
SHELL='/bin/bash'
SPARSE='sparse'
SPARSEFLAGS='-m64'
SSL_CFLAGS=' '
SSL_LIBS='-lssl -lcrypto  '
STRIP=''
USE_LINKER_SECTIONS_FALSE='#'
USE_LINKER_SECTIONS_TRUE=''
VERSION='1.4.0'
WARNING_FLAGS=' -Wall -Wno-sign-compare -Wpointer-arith -Wdeclaration-after-statement -Wformat-security -Wswitch-enum -Wunused-parameter -Wstrict-aliasing -Wbad-function-cast -Wcast-align -Wstrict-prototypes -Wold-style-definition -Wmissing-prototypes -Wmissing-field-initializers -Wno-override-init'
ac_ct_CC='gcc'
am__EXEEXT_FALSE=''
am__EXEEXT_TRUE='#'
am__fastdepCC_FALSE='#'
am__fastdepCC_TRUE=''
am__include='include'
am__isrc=''
am__leading_dot='.'
am__quote=''
am__tar='${AMTAR} chof - "$$tardir"'
am__untar='${AMTAR} xf -'
bindir='${exec_prefix}/bin'
build_alias=''
datadir='${datarootdir}'
datarootdir='${prefix}/share'
docdir='${datarootdir}/doc/${PACKAGE_TARNAME}'
dvidir='${docdir}'
exec_prefix='${prefix}'
host_alias=''
htmldir='${docdir}'
includedir='${prefix}/include'
infodir='${datarootdir}/info'
install_sh='${SHELL} /home/rs2m/OpenStack_Essex/Tools/openvswitch-1.4.0/build-aux/install-sh'
libdir='${exec_prefix}/lib'
libexecdir='${exec_prefix}/libexec'
localedir='${datarootdir}/locale'
localstatedir='${prefix}/var'
mandir='${datarootdir}/man'
mkdir_p='/bin/mkdir -p'
oldincludedir='/usr/include'
pdfdir='${docdir}'
prefix='/usr/local'
program_transform_name='s,x,x,'
psdir='${docdir}'
sbindir='${exec_prefix}/sbin'
sharedstatedir='${prefix}/com'
sysconfdir='${prefix}/etc'
target_alias=''

## ----------- ##
## confdefs.h. ##
## ----------- ##

/* confdefs.h */
#define PACKAGE_NAME "openvswitch"
#define PACKAGE_TARNAME "openvswitch"
#define PACKAGE_VERSION "1.4.0"
#define PACKAGE_STRING "openvswitch 1.4.0"
#define PACKAGE_BUGREPORT "ovs-bugs@openvswitch.org"
#define PACKAGE_URL ""
#define BUILDNR ""
#define PACKAGE "openvswitch"
#define VERSION "1.4.0"
#define STDC_HEADERS 1
#define HAVE_SYS_TYPES_H 1
#define HAVE_SYS_STAT_H 1
#define HAVE_STDLIB_H 1
#define HAVE_STRING_H 1
#define HAVE_MEMORY_H 1
#define HAVE_STRINGS_H 1
#define HAVE_INTTYPES_H 1
#define HAVE_STDINT_H 1
#define HAVE_UNISTD_H 1
#define __EXTENSIONS__ 1
#define _ALL_SOURCE 1
#define _GNU_SOURCE 1
#define _POSIX_PTHREAD_SEMANTICS 1
#define _TANDEM_SOURCE 1
#define HAVE_NETLINK 1
#define HAVE_OPENSSL 1
#define HAVE_IF_PACKET 1
#define HAVE_STRUCT_STAT_ST_MTIM_TV_NSEC 1
#define HAVE_MLOCKALL 1
#define HAVE_STRNLEN 1
#define HAVE_STRSIGNAL 1
#define HAVE_GETLOADAVG 1
#define HAVE_STATVFS 1
#define HAVE_SETMNTENT 1
#define HAVE_MNTENT_H 1
#define HAVE_SYS_STATVFS_H 1
#define HAVE_LINUX_TYPES_H 1
#define HAVE_BACKTRACE 1
#define HAVE_MALLOC_HOOKS 1
#define USE_LINKER_SECTIONS 1

configure: exit 0
